<?xml version="1.0" encoding="UTF-8"?>
<testng-results ignored="0" total="1" passed="1" failed="0" skipped="0">
  <reporter-output>
  </reporter-output>
  <suite started-at="2024-01-24T13:27:03 AEDT" name="Default suite" finished-at="2024-01-24T13:27:15 AEDT" duration-ms="12125">
    <groups>
    </groups>
    <test started-at="2024-01-24T13:27:03 AEDT" name="Default test" finished-at="2024-01-24T13:27:15 AEDT" duration-ms="12125">
      <class name="PCCW_Assessment.PCCW_Assessment.Login">
        <test-method signature="testLogin()[pri:0, instance:PCCW_Assessment.PCCW_Assessment.Login@3bb8aabc]" started-at="2024-01-24T13:27:03 AEDT" name="testLogin" finished-at="2024-01-24T13:27:15 AEDT" duration-ms="11930" status="PASS">
          <reporter-output>
          </reporter-output>
        </test-method> <!-- testLogin -->
      </class> <!-- PCCW_Assessment.PCCW_Assessment.Login -->
    </test> <!-- Default test -->
  </suite> <!-- Default suite -->
</testng-results>
